Wed Aug 19 23:42:17 CST 2015  [debug] AvalonLogChute initialized using file 'velocity.log'
Wed Aug 19 23:42:17 CST 2015  [trace] Searching for properties at: /org/apache/velocity/tools/view/velocity.properties
Wed Aug 19 23:42:17 CST 2015  [trace] Searching for properties at: /WEB-INF/velocity.properties
Wed Aug 19 23:42:17 CST 2015  [debug] Configuring Velocity with properties at: /WEB-INF/velocity.properties
Wed Aug 19 23:42:17 CST 2015  [trace] *******************************************************************
Wed Aug 19 23:42:17 CST 2015  [debug] Starting Apache Velocity v1.5 (compiled: 2007-02-22 08:52:29)
Wed Aug 19 23:42:17 CST 2015  [trace] RuntimeInstance initializing.
Wed Aug 19 23:42:17 CST 2015  [debug] Default Properties File: org\apache\velocity\runtime\defaults\velocity.properties
Wed Aug 19 23:42:17 CST 2015  [debug] Trying to use logger class org.apache.velocity.runtime.log.AvalonLogChute
Wed Aug 19 23:42:17 CST 2015  [debug] Using logger class org.apache.velocity.runtime.log.AvalonLogChute
Wed Aug 19 23:42:17 CST 2015  [debug] Default ResourceManager initializing. (class org.apache.velocity.runtime.resource.ResourceManagerImpl)
Wed Aug 19 23:42:17 CST 2015  [debug] ResourceLoader instantiated: org.apache.velocity.runtime.resource.loader.FileResourceLoader
Wed Aug 19 23:42:17 CST 2015  [trace] FileResourceLoader : initialization starting.
Wed Aug 19 23:42:17 CST 2015  [debug] Do unicode file recognition:  false
Wed Aug 19 23:42:17 CST 2015   [info] FileResourceLoader : adding path '.'
Wed Aug 19 23:42:17 CST 2015  [trace] FileResourceLoader : initialization complete.
Wed Aug 19 23:42:17 CST 2015  [debug] ResourceCache: initialized (class org.apache.velocity.runtime.resource.ResourceCacheImpl)
Wed Aug 19 23:42:17 CST 2015  [trace] Default ResourceManager initialization complete.
Wed Aug 19 23:42:17 CST 2015  [debug] Loaded System Directive: org.apache.velocity.runtime.directive.Literal
Wed Aug 19 23:42:17 CST 2015  [debug] Loaded System Directive: org.apache.velocity.runtime.directive.Macro
Wed Aug 19 23:42:17 CST 2015  [debug] Loaded System Directive: org.apache.velocity.runtime.directive.Parse
Wed Aug 19 23:42:17 CST 2015  [debug] Loaded System Directive: org.apache.velocity.runtime.directive.Include
Wed Aug 19 23:42:17 CST 2015  [debug] Loaded System Directive: org.apache.velocity.runtime.directive.Foreach
Wed Aug 19 23:42:17 CST 2015  [debug] Created '20' parsers.
Wed Aug 19 23:42:17 CST 2015  [trace] Velocimacro : initialization starting.
Wed Aug 19 23:42:17 CST 2015  [debug] Velocimacro : adding VMs from VM library : /macros.vm
Wed Aug 19 23:42:17 CST 2015  [error] ResourceManager : unable to find resource '/macros.vm' in any resource loader.
Wed Aug 19 23:42:17 CST 2015  [error] Velocimacro : Velocimacro : Error using VM library : /macros.vm
org.apache.velocity.exception.ResourceNotFoundException: Unable to find resource '/macros.vm'
	at org.apache.velocity.runtime.resource.ResourceManagerImpl.loadResource(ResourceManagerImpl.java:452)
	at org.apache.velocity.runtime.resource.ResourceManagerImpl.getResource(ResourceManagerImpl.java:335)
	at org.apache.velocity.runtime.RuntimeInstance.getTemplate(RuntimeInstance.java:1102)
	at org.apache.velocity.runtime.RuntimeInstance.getTemplate(RuntimeInstance.java:1077)
	at org.apache.velocity.runtime.VelocimacroFactory.initVelocimacro(VelocimacroFactory.java:196)
	at org.apache.velocity.runtime.RuntimeInstance.init(RuntimeInstance.java:251)
	at org.apache.velocity.app.VelocityEngine.init(VelocityEngine.java:116)
	at org.apache.velocity.tools.view.VelocityView.init(VelocityView.java:324)
	at org.apache.velocity.tools.view.VelocityView.init(VelocityView.java:281)
	at org.apache.velocity.tools.view.VelocityView.<init>(VelocityView.java:182)
	at org.apache.velocity.tools.view.VelocityView.<init>(VelocityView.java:174)
	at org.apache.velocity.tools.view.ServletUtils.getVelocityView(ServletUtils.java:89)
	at org.apache.velocity.tools.view.VelocityViewServlet.getVelocityView(VelocityViewServlet.java:142)
	at org.apache.velocity.tools.view.VelocityViewServlet.init(VelocityViewServlet.java:109)
	at org.eclipse.jetty.servlet.ServletHolder.initServlet(ServletHolder.java:421)
	at org.eclipse.jetty.servlet.ServletHolder.doStart(ServletHolder.java:245)
	at org.eclipse.jetty.util.component.AbstractLifeCycle.start(AbstractLifeCycle.java:55)
	at org.eclipse.jetty.servlet.ServletHandler.initialize(ServletHandler.java:694)
	at org.eclipse.jetty.servlet.ServletContextHandler.startContext(ServletContextHandler.java:193)
	at org.eclipse.jetty.webapp.WebAppContext.startContext(WebAppContext.java:978)
	at org.eclipse.jetty.server.handler.ContextHandler.doStart(ContextHandler.java:586)
	at org.eclipse.jetty.webapp.WebAppContext.doStart(WebAppContext.java:349)
	at org.mortbay.jetty.plugin.JettyWebAppContext.doStart(JettyWebAppContext.java:102)
	at org.eclipse.jetty.util.component.AbstractLifeCycle.start(AbstractLifeCycle.java:55)
	at org.eclipse.jetty.server.handler.HandlerCollection.doStart(HandlerCollection.java:165)
	at org.eclipse.jetty.server.handler.ContextHandlerCollection.doStart(ContextHandlerCollection.java:162)
	at org.eclipse.jetty.util.component.AbstractLifeCycle.start(AbstractLifeCycle.java:55)
	at org.eclipse.jetty.server.handler.HandlerCollection.doStart(HandlerCollection.java:165)
	at org.eclipse.jetty.util.component.AbstractLifeCycle.start(AbstractLifeCycle.java:55)
	at org.eclipse.jetty.server.handler.HandlerWrapper.doStart(HandlerWrapper.java:92)
	at org.eclipse.jetty.server.Server.doStart(Server.java:230)
	at org.mortbay.jetty.plugin.JettyServer.doStart(JettyServer.java:69)
	at org.eclipse.jetty.util.component.AbstractLifeCycle.start(AbstractLifeCycle.java:55)
	at org.mortbay.jetty.plugin.AbstractJettyMojo.startJetty(AbstractJettyMojo.java:433)
	at org.mortbay.jetty.plugin.AbstractJettyMojo.execute(AbstractJettyMojo.java:377)
	at org.mortbay.jetty.plugin.JettyRunMojo.execute(JettyRunMojo.java:546)
	at org.apache.maven.plugin.DefaultBuildPluginManager.executeMojo(DefaultBuildPluginManager.java:132)
	at org.apache.maven.lifecycle.internal.MojoExecutor.execute(MojoExecutor.java:208)
	at org.apache.maven.lifecycle.internal.MojoExecutor.execute(MojoExecutor.java:153)
	at org.apache.maven.lifecycle.internal.MojoExecutor.execute(MojoExecutor.java:145)
	at org.apache.maven.lifecycle.internal.LifecycleModuleBuilder.buildProject(LifecycleModuleBuilder.java:116)
	at org.apache.maven.lifecycle.internal.LifecycleModuleBuilder.buildProject(LifecycleModuleBuilder.java:80)
	at org.apache.maven.lifecycle.internal.builder.singlethreaded.SingleThreadedBuilder.build(SingleThreadedBuilder.java:51)
	at org.apache.maven.lifecycle.internal.LifecycleStarter.execute(LifecycleStarter.java:120)
	at org.apache.maven.DefaultMaven.doExecute(DefaultMaven.java:355)
	at org.apache.maven.DefaultMaven.execute(DefaultMaven.java:155)
	at org.apache.maven.cli.MavenCli.execute(MavenCli.java:584)
	at org.apache.maven.cli.MavenCli.doMain(MavenCli.java:216)
	at org.apache.maven.cli.MavenCli.main(MavenCli.java:160)
	at sun.reflect.NativeMethodAccessorImpl.invoke0(Native Method)
	at sun.reflect.NativeMethodAccessorImpl.invoke(NativeMethodAccessorImpl.java:57)
	at sun.reflect.DelegatingMethodAccessorImpl.invoke(DelegatingMethodAccessorImpl.java:43)
	at java.lang.reflect.Method.invoke(Method.java:606)
	at org.codehaus.plexus.classworlds.launcher.Launcher.launchEnhanced(Launcher.java:289)
	at org.codehaus.plexus.classworlds.launcher.Launcher.launch(Launcher.java:229)
	at org.codehaus.plexus.classworlds.launcher.Launcher.mainWithExitCode(Launcher.java:415)
	at org.codehaus.plexus.classworlds.launcher.Launcher.main(Launcher.java:356)
	at org.codehaus.classworlds.Launcher.main(Launcher.java:47)
Wed Aug 19 23:42:17 CST 2015  [trace] Velocimacro : VM library registration complete.
Wed Aug 19 23:42:17 CST 2015  [debug] Velocimacro : allowInline = true : VMs can be defined inline in templates
Wed Aug 19 23:42:17 CST 2015  [debug] Velocimacro : allowInlineToOverride = false : VMs defined inline may NOT replace previous VM definitions
Wed Aug 19 23:42:17 CST 2015  [debug] Velocimacro : allowInlineLocal = false : VMs defined inline will be global in scope if allowed.
Wed Aug 19 23:42:17 CST 2015  [debug] Velocimacro : autoload off : VM system will not automatically reload global library macros
Wed Aug 19 23:42:17 CST 2015  [trace] Velocimacro : Velocimacro : initialization complete.
Wed Aug 19 23:42:17 CST 2015  [trace] RuntimeInstance successfully initialized.
Wed Aug 19 23:42:17 CST 2015  [trace] Searching for configuration at: /WEB-INF/toolbox.xml
Wed Aug 19 23:42:17 CST 2015  [debug] Loaded deprecated configuration from: /WEB-INF/toolbox.xml
Wed Aug 19 23:42:17 CST 2015   [warn] Please upgrade to new "/WEB-INF/tools.xml" format and conventional location. Support for "/WEB-INF/toolbox.xml" format and conventional file name will be removed in a future version.
Wed Aug 19 23:42:17 CST 2015  [debug] Default tools configuration has been suppressed to avoid conflicts with older application's context and toolbox definition.
Wed Aug 19 23:42:17 CST 2015  [trace] Searching for configuration at: /WEB-INF/tools.xml
Wed Aug 19 23:42:17 CST 2015  [debug] Could not find resource at: /WEB-INF/tools.xml
Wed Aug 19 23:42:17 CST 2015  [debug] Configuring toolboxFactory with: 
FactoryConfiguration with 1 properties [deprecationSupportMode -auto-> true; ] and 2 toolboxes: 
 Toolbox 'application' with 1 properties [scope -auto-> application; ] and 2 tools: 
  Tool 'date' => org.apache.velocity.tools.generic.DateTool with 1 properties [key -auto-> date; ]
  Tool 'math' => org.apache.velocity.tools.generic.MathTool with 1 properties [key -auto-> math; ]
  
 Toolbox 'request' with 1 properties [scope -auto-> request; ]
 
Wed Aug 19 23:42:17 CST 2015  [debug] Default content-type is: text/html; charset=UTF-8
